2023-12-19 18:11:40,655 - INFO - Файл C:/Users/Acer/PycharmProjects/session.sis2130/cypher_1\1 зашифрован в 2023-12-19 18:11:40.628297 и сохранен как C:/Users/Acer/PycharmProjects/session.sis2130/cypher_1\1.bin
2023-12-19 18:11:54,649 - INFO - Файл C:/Users/Acer/PycharmProjects/session.sis2130/cypher_2\2 зашифрован в 2023-12-19 18:11:54.649138 и сохранен как C:/Users/Acer/PycharmProjects/session.sis2130/cypher_2\2.bin
2023-12-19 18:17:15,224 - INFO - Файл C:/Users/Acer/PycharmProjects/session.sis2130/cypher_1\1.bin зашифрован в 2023-12-19 18:17:15.224035 и сохранен как C:/Users/Acer/PycharmProjects/session.sis2130/cypher_1\1.bin
2023-12-19 18:30:53,728 - INFO - Файл C:/Users/Acer/PycharmProjects/session.sis2130/cypher_1\1 зашифрован в 2023-12-19 18:30:53.728789 и сохранен как C:/Users/Acer/PycharmProjects/session.sis2130/cypher_1\1.bin
2023-12-19 18:34:44,239 - INFO - Файл C:/Users/Acer/PycharmProjects/session.sis2130/cypher_1\1 зашифрован в 2023-12-19 18:34:44.239728 и сохранен как C:/Users/Acer/PycharmProjects/session.sis2130/cypher_1\1.bin
2023-12-19 19:21:53,742 - INFO - Файл C:/Users/Acer/PycharmProjects/session.sis2130/cypher_1\1 зашифрован в 2023-12-19 19:21:53.741703 и сохранен как C:/Users/Acer/PycharmProjects/session.sis2130/cypher_1\1.bin
2023-12-19 19:22:19,997 - INFO - Файл C:/Users/Acer/PycharmProjects/session.sis2130/cypher_1\1.bin зашифрован в 2023-12-19 19:22:19.997740 и сохранен как C:/Users/Acer/PycharmProjects/session.sis2130/cypher_1\1.bin
2023-12-19 19:26:15,814 - INFO - Файл C:/Users/Acer/PycharmProjects/session.sis2130/cypher_2\2 зашифрован в 2023-12-19 19:26:15.814413 и сохранен как C:/Users/Acer/PycharmProjects/session.sis2130/cypher_2\2.bin
2023-12-19 19:26:22,930 - INFO - Файл C:/Users/Acer/PycharmProjects/session.sis2130/cypher_2\2.bin дешифрован в 2023-12-19 19:26:22.930873 и сохранен как C:/Users/Acer/PycharmProjects/session.sis2130/cypher_2\2
2023-12-19 19:31:07,619 - INFO - Файл C:/Users/Acer/PycharmProjects/session.sis2130/cypher_2\2 зашифрован в 2023-12-19 19:31:07.619612 и сохранен как C:/Users/Acer/PycharmProjects/session.sis2130/cypher_2\2.bin
2023-12-19 19:56:05,606 - INFO - Файл C:/Users/Acer/PycharmProjects/session.sis2130/cypher_2\2.bin зашифрован в 2023-12-19 19:56:05.587622 и сохранен как C:/Users/Acer/PycharmProjects/session.sis2130/cypher_2\2.bin
2023-12-19 20:09:57,931 - INFO - Файл C:/Users/Acer/PycharmProjects/session.sis2130/cypher_1\1 зашифрован в 2023-12-19 20:09:57.931214 и сохранен как C:/Users/Acer/PycharmProjects/session.sis2130/cypher_1\1.bin
2023-12-19 20:10:16,650 - INFO - Файл C:/Users/Acer/PycharmProjects/session.sis2130/cypher_1\1.bin дешифрован в 2023-12-19 20:10:16.650325 и сохранен как C:/Users/Acer/PycharmProjects/session.sis2130/cypher_1\1
2023-12-19 20:10:25,821 - INFO - Файл C:/Users/Acer/PycharmProjects/session.sis2130/cypher_2\2 зашифрован в 2023-12-19 20:10:25.821535 и сохранен как C:/Users/Acer/PycharmProjects/session.sis2130/cypher_2\2.bin
2023-12-19 20:10:32,253 - INFO - Файл C:/Users/Acer/PycharmProjects/session.sis2130/cypher_2\2.bin дешифрован в 2023-12-19 20:10:32.253171 и сохранен как C:/Users/Acer/PycharmProjects/session.sis2130/cypher_2\2
2023-12-19 20:13:50,681 - INFO - Файл C:/Users/Acer/PycharmProjects/session.sis2130/cypher_1\1 зашифрован в 2023-12-19 20:13:50.681620 и сохранен как C:/Users/Acer/PycharmProjects/session.sis2130/cypher_1\1.bin
2023-12-19 20:14:03,080 - INFO - Файл C:/Users/Acer/PycharmProjects/session.sis2130/cypher_1\1.bin дешифрован в 2023-12-19 20:14:03.080550 и сохранен как C:/Users/Acer/PycharmProjects/session.sis2130/cypher_1\1
2023-12-19 20:14:13,032 - INFO - Файл C:/Users/Acer/PycharmProjects/session.sis2130/cypher_2\2 зашифрован в 2023-12-19 20:14:13.032663 и сохранен как C:/Users/Acer/PycharmProjects/session.sis2130/cypher_2\2.bin
-- финальный тест
2023-12-19 20:34:41,802 - INFO - Файл C:/Users/Acer/PycharmProjects/session.sis2130/cypher_1\1 зашифрован в 2023-12-19 20:34:41.802717 и сохранен как C:/Users/Acer/PycharmProjects/session.sis2130/cypher_1\1.bin
2023-12-19 20:34:50,027 - INFO - Файл C:/Users/Acer/PycharmProjects/session.sis2130/cypher_1\1.bin дешифрован в 2023-12-19 20:34:50.027010 и сохранен как C:/Users/Acer/PycharmProjects/session.sis2130/cypher_1\1
--тесты окончены